-------------------------------------------------------------------------------
Test set: Search and Place thr order for Products
-------------------------------------------------------------------------------
Tests run: 2, Failures: 1, Errors: 0, Skipped: 0, Time elapsed: 18.957 s <<< FAILURE! - in Search and Place thr order for Products
Search and Place thr order for Products.Search Experience for Product search in both home and Offers page #2  Time elapsed: 8.529 s  <<< FAILURE!
org.junit.ComparisonFailure: expected:<[No data]> but was:<[Beetroot]>

