<?xml version="1.0" encoding="UTF-8"?>
<!-- Generated by org.testng.reporters.JUnitReportReporter -->
<testsuite hostname="Bar" failures="1" tests="1" name="cucumberOptions.FailedTestRunner" time="9.271" errors="0" timestamp="2024-10-07T22:54:07 IDT" skipped="0">
  <testcase classname="cucumberOptions.FailedTestRunner" name="runScenario" time="9.271">
    <failure message="expected [Beetroot] but found [No data]" type="java.lang.AssertionError">
      <![CDATA[java.lang.AssertionError: expected [Beetroot] but found [No data]
at org.testng.Assert.fail(Assert.java:111)
at org.testng.Assert.failNotEquals(Assert.java:1578)
at org.testng.Assert.assertEqualsImpl(Assert.java:150)
at org.testng.Assert.assertEquals(Assert.java:132)
at org.testng.Assert.assertEquals(Assert.java:656)
at org.testng.Assert.assertEquals(Assert.java:666)
at stepDefinitions.OfferPageStepDefinition.validate_product_name_in_Offers_page(OfferPageStepDefinition.java:48)
at ✽.validate product name in Offers page matches with Landing Page(file:///G:/eclipse/CucumberFramework/src/test/java/features/searchProduct.feature:9)
]]>
    </failure>
  </testcase> <!-- runScenario -->
</testsuite> <!-- cucumberOptions.FailedTestRunner -->
